<?xml version="1.0" encoding="UTF-8"?>
<!-- Generated by org.testng.reporters.JUnitXMLReporter -->
<testsuite ignored="0" hostname="PeterPC" failures="0" tests="4" name="chrometest" time="41.899" errors="0" timestamp="2023-04-30T22:52:35 EDT">
  <testcase classname="com.nopCommerce2023.testCases.TC_AddCustomerTest_003" name="addNewCustomer" time="13.946"/>
  <testcase classname="com.nopCommerce2023.testCases.TC_LoginTest_001" name="loginTest" time="3.326"/>
  <testcase classname="com.nopCommerce2023.testCases.TC_SearchCustomerByEmail_004" name="searchCustomerbyEmail" time="8.684"/>
  <testcase classname="com.nopCommerce2023.testCases.TC_SearchCustomerByName_005" name="searchCustomerbyName" time="9.095"/>
</testsuite> <!-- chrometest -->
