<?xml version="1.0" encoding="UTF-8"?>
<testng-results ignored="0" total="4" passed="4" failed="0" skipped="0">
  <reporter-output>
  </reporter-output>
  <suite started-at="2023-04-30T22:51:52 EDT" name="nopCommerce2023" finished-at="2023-04-30T22:52:34 EDT" duration-ms="41899">
    <groups>
    </groups>
    <test started-at="2023-04-30T22:51:52 EDT" name="chrometest" finished-at="2023-04-30T22:52:34 EDT" duration-ms="41899">
      <class name="com.nopCommerce2023.testCases.TC_LoginTest_001">
        <test-method is-config="true" signature="setup(java.lang.String)[pri:0, instance:com.nopCommerce2023.testCases.TC_LoginTest_001@7ae42ce3]" started-at="2023-04-30T22:52:09 EDT" name="setup" finished-at="2023-04-30T22:52:10 EDT" duration-ms="1188" status="PASS">
          <params>
            <param index="0">
              <value>
                <![CDATA[chrome]]>
              </value>
            </param>
          </params>
          <reporter-output>
          </reporter-output>
        </test-method> <!-- setup -->
        <test-method signature="loginTest()[pri:0, instance:com.nopCommerce2023.testCases.TC_LoginTest_001@7ae42ce3]" started-at="2023-04-30T22:52:10 EDT" name="loginTest" finished-at="2023-04-30T22:52:14 EDT" duration-ms="3326" status="PASS">
          <reporter-output>
          </reporter-output>
        </test-method> <!-- loginTest -->
        <test-method is-config="true" signature="tearDown()[pri:0, instance:com.nopCommerce2023.testCases.TC_LoginTest_001@7ae42ce3]" started-at="2023-04-30T22:52:14 EDT" name="tearDown" finished-at="2023-04-30T22:52:14 EDT" duration-ms="162" status="PASS">
          <reporter-output>
          </reporter-output>
        </test-method> <!-- tearDown -->
      </class> <!-- com.nopCommerce2023.testCases.TC_LoginTest_001 -->
      <class name="com.nopCommerce2023.testCases.TC_SearchCustomerByEmail_004">
        <test-method is-config="true" signature="setup(java.lang.String)[pri:0, instance:com.nopCommerce2023.testCases.TC_SearchCustomerByEmail_004@e57b96d]" started-at="2023-04-30T22:52:14 EDT" name="setup" finished-at="2023-04-30T22:52:15 EDT" duration-ms="1103" status="PASS">
          <params>
            <param index="0">
              <value>
                <![CDATA[chrome]]>
              </value>
            </param>
          </params>
          <reporter-output>
          </reporter-output>
        </test-method> <!-- setup -->
        <test-method signature="searchCustomerbyEmail()[pri:1, instance:com.nopCommerce2023.testCases.TC_SearchCustomerByEmail_004@e57b96d]" started-at="2023-04-30T22:52:15 EDT" name="searchCustomerbyEmail" finished-at="2023-04-30T22:52:24 EDT" duration-ms="8684" status="PASS">
          <reporter-output>
          </reporter-output>
        </test-method> <!-- searchCustomerbyEmail -->
        <test-method is-config="true" signature="tearDown()[pri:0, instance:com.nopCommerce2023.testCases.TC_SearchCustomerByEmail_004@e57b96d]" started-at="2023-04-30T22:52:24 EDT" name="tearDown" finished-at="2023-04-30T22:52:24 EDT" duration-ms="176" status="PASS">
          <reporter-output>
          </reporter-output>
        </test-method> <!-- tearDown -->
      </class> <!-- com.nopCommerce2023.testCases.TC_SearchCustomerByEmail_004 -->
      <class name="com.nopCommerce2023.testCases.TC_SearchCustomerByName_005">
        <test-method is-config="true" signature="setup(java.lang.String)[pri:0, instance:com.nopCommerce2023.testCases.TC_SearchCustomerByName_005@32c726ee]" started-at="2023-04-30T22:52:24 EDT" name="setup" finished-at="2023-04-30T22:52:25 EDT" duration-ms="1227" status="PASS">
          <params>
            <param index="0">
              <value>
                <![CDATA[chrome]]>
              </value>
            </param>
          </params>
          <reporter-output>
          </reporter-output>
        </test-method> <!-- setup -->
        <test-method signature="searchCustomerbyName()[pri:1, instance:com.nopCommerce2023.testCases.TC_SearchCustomerByName_005@32c726ee]" started-at="2023-04-30T22:52:25 EDT" name="searchCustomerbyName" finished-at="2023-04-30T22:52:34 EDT" duration-ms="9095" status="PASS">
          <reporter-output>
          </reporter-output>
        </test-method> <!-- searchCustomerbyName -->
        <test-method is-config="true" signature="tearDown()[pri:0, instance:com.nopCommerce2023.testCases.TC_SearchCustomerByName_005@32c726ee]" started-at="2023-04-30T22:52:34 EDT" name="tearDown" finished-at="2023-04-30T22:52:34 EDT" duration-ms="232" status="PASS">
          <reporter-output>
          </reporter-output>
        </test-method> <!-- tearDown -->
      </class> <!-- com.nopCommerce2023.testCases.TC_SearchCustomerByName_005 -->
      <class name="com.nopCommerce2023.testCases.TC_AddCustomerTest_003">
        <test-method is-config="true" signature="setup(java.lang.String)[pri:0, instance:com.nopCommerce2023.testCases.TC_AddCustomerTest_003@2c07545f]" started-at="2023-04-30T22:51:52 EDT" name="setup" finished-at="2023-04-30T22:51:55 EDT" duration-ms="2439" status="PASS">
          <params>
            <param index="0">
              <value>
                <![CDATA[chrome]]>
              </value>
            </param>
          </params>
          <reporter-output>
          </reporter-output>
        </test-method> <!-- setup -->
        <test-method signature="addNewCustomer()[pri:0, instance:com.nopCommerce2023.testCases.TC_AddCustomerTest_003@2c07545f]" started-at="2023-04-30T22:51:55 EDT" name="addNewCustomer" finished-at="2023-04-30T22:52:09 EDT" duration-ms="13946" status="PASS">
          <reporter-output>
          </reporter-output>
        </test-method> <!-- addNewCustomer -->
        <test-method is-config="true" signature="tearDown()[pri:0, instance:com.nopCommerce2023.testCases.TC_AddCustomerTest_003@2c07545f]" started-at="2023-04-30T22:52:09 EDT" name="tearDown" finished-at="2023-04-30T22:52:09 EDT" duration-ms="170" status="PASS">
          <reporter-output>
          </reporter-output>
        </test-method> <!-- tearDown -->
      </class> <!-- com.nopCommerce2023.testCases.TC_AddCustomerTest_003 -->
    </test> <!-- chrometest -->
  </suite> <!-- nopCommerce2023 -->
</testng-results>
